<?xml version="1.0" encoding="UTF-8"?>
<!-- Generated by org.testng.reporters.JUnitReportReporter -->
<testsuite hostname="DESKTOP-NQEFDEQ" failures="0" tests="1" name="Selenium.Login" time="16.964" errors="0" timestamp="2024-08-14T15:39:38 IST" skipped="0">
  <testcase classname="Selenium.Login" name="sum" time="16.964"/>
</testsuite> <!-- Selenium.Login -->
