<?xml version="1.0" encoding="UTF-8"?>
<!-- Generated by org.testng.reporters.JUnitReportReporter -->
<testsuite hostname="DESKTOP-NQEFDEQ" failures="0" tests="3" name="Selenium.Sanity" time="28.518" errors="0" timestamp="2024-08-19T15:52:41 IST" skipped="0">
  <testcase classname="Selenium.Sanity" name="performLogin" time="0.880"/>
  <testcase classname="Selenium.Sanity" name="launchBrowser" time="23.046"/>
  <testcase classname="Selenium.Sanity" name="validateAdministaration" time="4.592"/>
</testsuite> <!-- Selenium.Sanity -->
