<?xml version="1.0" encoding="UTF-8"?>
<!-- Generated by org.testng.reporters.JUnitReportReporter -->
<testsuite hostname="DESKTOP-NQEFDEQ" failures="0" tests="1" name="com.plooma.testcases.TC_001" time="170.933" errors="0" timestamp="2025-01-24T15:04:51 IST" skipped="0">
  <testcase classname="com.plooma.testcases.TC_001" name="Login" time="170.933"/>
  <system-out/>
</testsuite> <!-- com.plooma.testcases.TC_001 -->
